<?xml version="1.0" encoding="UTF-8"?>
<!-- Generated by org.testng.reporters.JUnitXMLReporter -->
<testsuite ignored="0" hostname="Meghas-MacBook-Pro.local" failures="2" tests="3" name="Params2" time="0.022" errors="0" timestamp="2021-11-01T23:09:58 EDT">
  <testcase classname="ParametersTest" name="Diff" time="0.0">
    <failure type="org.testng.TestNGException" message="
Parameter &amp;apos;val1&amp;apos; is required by @Test on method Diff but has not been marked @Optional or defined
in /Users/meghasinghrajpoot/IdeaProjects/Maventest/testng.xml">
      <![CDATA[org.testng.TestNGException: 
Parameter 'val1' is required by @Test on method Diff but has not been marked @Optional or defined
in /Users/meghasinghrajpoot/IdeaProjects/Maventest/testng.xml
at java.base/java.util.ArrayList.forEach(ArrayList.java:1511)
... Removed 26 stack frames]]>
    </failure>
  </testcase> <!-- Diff -->
  <testcase classname="ParametersTest" name="OP" time="0.003"/>
  <testcase classname="ParametersTest" name="Sum" time="0.0">
    <failure type="org.testng.TestNGException" message="
Parameter &amp;apos;val1&amp;apos; is required by @Test on method Sum but has not been marked @Optional or defined
in /Users/meghasinghrajpoot/IdeaProjects/Maventest/testng.xml">
      <![CDATA[org.testng.TestNGException: 
Parameter 'val1' is required by @Test on method Sum but has not been marked @Optional or defined
in /Users/meghasinghrajpoot/IdeaProjects/Maventest/testng.xml
at java.base/java.util.ArrayList.forEach(ArrayList.java:1511)
... Removed 26 stack frames]]>
    </failure>
  </testcase> <!-- Sum -->
</testsuite> <!-- Params2 -->
